16:36:47 **** Incremental Build of configuration Debug for project CB ****
make -j7 all 
arm-none-eabi-gcc "../Core/Src/main.c" -mcpu=cortex-m4 -std=gnu11 -g3 -DDEBUG -DUSE_HAL_DRIVER -DSTM32L476xx -c -I../Core/Inc -I../Drivers/STM32L4xx_HAL_Driver/Inc -I../Drivers/STM32L4xx_HAL_Driver/Inc/Legacy -I../Drivers/CMSIS/Device/ST/STM32L4xx/Include -I../Drivers/CMSIS/Include -O0 -ffunction-sections -fdata-sections -Wall -fstack-usage -fcyclomatic-complexity -MMD -MP -MF"Core/Src/main.d" -MT"Core/Src/main.o" --specs=nano.specs -mfpu=fpv4-sp-d16 -mfloat-abi=hard -mthumb -o "Core/Src/main.o"
../Core/Src/main.c: In function 'main':
../Core/Src/main.c:47:35: warning: passing argument 2 of 'HAL_UART_Receive_DMA' discards 'volatile' qualifier from pointer target type [-Wdiscarded-qualifiers]
   47 |     HAL_UART_Receive_DMA(&huart3, rxBufferUart3, sizeof(rxBufferUart3));
      |                                   ^~~~~~~~~~~~~
In file included from ../Core/Inc/stm32l4xx_hal_conf.h:450,
                 from ../Drivers/STM32L4xx_HAL_Driver/Inc/stm32l4xx_hal.h:29,
                 from ../Core/Inc/main.h:30,
                 from ../Core/Src/main.c:8:
../Drivers/STM32L4xx_HAL_Driver/Inc/stm32l4xx_hal_uart.h:1701:76: note: expected 'uint8_t *' {aka 'unsigned char *'} but argument is of type 'volatile uint8_t *' {aka 'volatile unsigned char *'}
 1701 | HAL_StatusTypeDef HAL_UART_Receive_DMA(UART_HandleTypeDef *huart, uint8_t *pData, uint16_t Size);
      |                                                                   ~~~~~~~~~^~~~~
../Core/Src/main.c: At top level:
../Core/Src/main.c:26:13: warning: 'MX_GPIO_Init' used but never defined
   26 | static void MX_GPIO_Init(void);
      |             ^~~~~~~~~~~~
../Core/Src/main.c:77:6: warning: 'SystemClock_Config' defined but not used [-Wunused-function]
   77 | void SystemClock_Config(void)
      |      ^~~~~~~~~~~~~~~~~~
arm-none-eabi-gcc -o "CB.elf" @"objects.list"   -mcpu=cortex-m4 -T"/Users/ebrietas/Desktop/BioConnect/CB/CB/STM32L476RGTX_FLASH.ld" --specs=nosys.specs -Wl,-Map="CB.map" -Wl,--gc-sections -static --specs=nano.specs -mfpu=fpv4-sp-d16 -mfloat-abi=hard -mthumb -Wl,--start-group -lc -lm -Wl,--end-group
/Applications/STM32CubeIDE.app/Contents/Eclipse/plugins/com.st.stm32cube.ide.mcu.externaltools.gnu-tools-for-stm32.12.3.rel1.macos64_1.1.0.202410301201/tools/bin/../lib/gcc/arm-none-eabi/12.3.1/../../../../arm-none-eabi/bin/ld: ./Core/Src/main.o: in function `main':
/Users/ebrietas/Desktop/BioConnect/CB/CB/Debug/../Core/Src/main.c:39: undefined reference to `SystemClock_Config'
/Applications/STM32CubeIDE.app/Contents/Eclipse/plugins/com.st.stm32cube.ide.mcu.externaltools.gnu-tools-for-stm32.12.3.rel1.macos64_1.1.0.202410301201/tools/bin/../lib/gcc/arm-none-eabi/12.3.1/../../../../arm-none-eabi/bin/ld: /Users/ebrietas/Desktop/BioConnect/CB/CB/Debug/../Core/Src/main.c:40: undefined reference to `MX_GPIO_Init'
/Applications/STM32CubeIDE.app/Contents/Eclipse/plugins/com.st.stm32cube.ide.mcu.externaltools.gnu-tools-for-stm32.12.3.rel1.macos64_1.1.0.202410301201/tools/bin/../lib/gcc/arm-none-eabi/12.3.1/../../../../arm-none-eabi/bin/ld: ./Core/Src/stm32l4xx_hal_msp.o: in function `HAL_UART_MspInit':
/Users/ebrietas/Desktop/BioConnect/CB/CB/Debug/../Core/Src/stm32l4xx_hal_msp.c:411: undefined reference to `hdma_usart1_tx'
/Applications/STM32CubeIDE.app/Contents/Eclipse/plugins/com.st.stm32cube.ide.mcu.externaltools.gnu-tools-for-stm32.12.3.rel1.macos64_1.1.0.202410301201/tools/bin/../lib/gcc/arm-none-eabi/12.3.1/../../../../arm-none-eabi/bin/ld: /Users/ebrietas/Desktop/BioConnect/CB/CB/Debug/../Core/Src/stm32l4xx_hal_msp.c:411: undefined reference to `hdma_usart2_rx'
/Applications/STM32CubeIDE.app/Contents/Eclipse/plugins/com.st.stm32cube.ide.mcu.externaltools.gnu-tools-for-stm32.12.3.rel1.macos64_1.1.0.202410301201/tools/bin/../lib/gcc/arm-none-eabi/12.3.1/../../../../arm-none-eabi/bin/ld: /Users/ebrietas/Desktop/BioConnect/CB/CB/Debug/../Core/Src/stm32l4xx_hal_msp.c:411: undefined reference to `hdma_usart2_tx'
/Applications/STM32CubeIDE.app/Contents/Eclipse/plugins/com.st.stm32cube.ide.mcu.externaltools.gnu-tools-for-stm32.12.3.rel1.macos64_1.1.0.202410301201/tools/bin/../lib/gcc/arm-none-eabi/12.3.1/../../../../arm-none-eabi/bin/ld: /Users/ebrietas/Desktop/BioConnect/CB/CB/Debug/../Core/Src/stm32l4xx_hal_msp.c:411: undefined reference to `hdma_usart3_tx'
/Applications/STM32CubeIDE.app/Contents/Eclipse/plugins/com.st.stm32cube.ide.mcu.externaltools.gnu-tools-for-stm32.12.3.rel1.macos64_1.1.0.202410301201/tools/bin/../lib/gcc/arm-none-eabi/12.3.1/../../../../arm-none-eabi/bin/ld: ./Core/Src/stm32l4xx_it.o: in function `DMA1_Channel2_IRQHandler':
/Users/ebrietas/Desktop/BioConnect/CB/CB/Debug/../Core/Src/stm32l4xx_it.c:233: undefined reference to `hdma_usart3_tx'
/Applications/STM32CubeIDE.app/Contents/Eclipse/plugins/com.st.stm32cube.ide.mcu.externaltools.gnu-tools-for-stm32.12.3.rel1.macos64_1.1.0.202410301201/tools/bin/../lib/gcc/arm-none-eabi/12.3.1/../../../../arm-none-eabi/bin/ld: ./Core/Src/stm32l4xx_it.o: in function `DMA1_Channel4_IRQHandler':
/Users/ebrietas/Desktop/BioConnect/CB/CB/Debug/../Core/Src/stm32l4xx_it.c:261: undefined reference to `hdma_usart1_tx'
/Applications/STM32CubeIDE.app/Contents/Eclipse/plugins/com.st.stm32cube.ide.mcu.externaltools.gnu-tools-for-stm32.12.3.rel1.macos64_1.1.0.202410301201/tools/bin/../lib/gcc/arm-none-eabi/12.3.1/../../../../arm-none-eabi/bin/ld: ./Core/Src/stm32l4xx_it.o: in function `DMA1_Channel6_IRQHandler':
/Users/ebrietas/Desktop/BioConnect/CB/CB/Debug/../Core/Src/stm32l4xx_it.c:289: undefined reference to `hdma_usart2_rx'
/Applications/STM32CubeIDE.app/Contents/Eclipse/plugins/com.st.stm32cube.ide.mcu.externaltools.gnu-tools-for-stm32.12.3.rel1.macos64_1.1.0.202410301201/tools/bin/../lib/gcc/arm-none-eabi/12.3.1/../../../../arm-none-eabi/bin/ld: ./Core/Src/stm32l4xx_it.o: in function `DMA1_Channel7_IRQHandler':
/Users/ebrietas/Desktop/BioConnect/CB/CB/Debug/../Core/Src/stm32l4xx_it.c:303: undefined reference to `hdma_usart2_tx'
collect2: error: ld returned 1 exit status
make: *** [makefile:64: CB.elf] Error 1
"make -j7 all" terminated with exit code 2. Build might be incomplete.
